<?xml version="1.0" encoding="UTF-8"?>
<testng-results skipped="0" failed="0" ignored="0" total="1" passed="1">
  <reporter-output>
    <line>
      <![CDATA[test is straeted]]>
    </line>
    <line>
      <![CDATA[customer is verify successfully]]>
    </line>
    <line>
      <![CDATA[test is executed]]>
    </line>
  </reporter-output>
  <suite name="Default suite" duration-ms="33151" started-at="2022-06-20T15:59:23 IST" finished-at="2022-06-20T15:59:56 IST">
    <groups>
      <group name="functional">
        <method signature="TestActiTimeCustomerCheck.createCustomer()[pri:0, instance:testpackage.TestActiTimeCustomerCheck@76f2b07d]" name="createCustomer" class="testpackage.TestActiTimeCustomerCheck"/>
      </group> <!-- functional -->
    </groups>
    <test name="Default test" duration-ms="33151" started-at="2022-06-20T15:59:23 IST" finished-at="2022-06-20T15:59:56 IST">
      <class name="testpackage.TestActiTimeCustomerCheck">
        <test-method status="PASS" signature="setUp()[pri:0, instance:testpackage.TestActiTimeCustomerCheck@76f2b07d]" name="setUp" is-config="true" duration-ms="13241" started-at="2022-06-20T15:59:23 IST" finished-at="2022-06-20T15:59:36 IST">
          <reporter-output>
          </reporter-output>
        </test-method> <!-- setUp -->
        <test-method status="PASS" signature="createCustomer()[pri:0, instance:testpackage.TestActiTimeCustomerCheck@76f2b07d]" name="createCustomer" duration-ms="14683" started-at="2022-06-20T15:59:36 IST" finished-at="2022-06-20T15:59:51 IST">
          <reporter-output>
            <line>
              <![CDATA[test is straeted]]>
            </line>
            <line>
              <![CDATA[customer is verify successfully]]>
            </line>
            <line>
              <![CDATA[test is executed]]>
            </line>
          </reporter-output>
        </test-method> <!-- createCustomer -->
        <test-method status="PASS" signature="tearDown()[pri:0, instance:testpackage.TestActiTimeCustomerCheck@76f2b07d]" name="tearDown" is-config="true" duration-ms="5154" started-at="2022-06-20T15:59:51 IST" finished-at="2022-06-20T15:59:56 IST">
          <reporter-output>
          </reporter-output>
        </test-method> <!-- tearDown -->
      </class> <!-- testpackage.TestActiTimeCustomerCheck -->
    </test> <!-- Default test -->
  </suite> <!-- Default suite -->
</testng-results>
