<?xml version="1.0" encoding="UTF-8"?>
<!-- Generated by org.testng.reporters.JUnitXMLReporter -->
<testsuite hostname="DESKTOP-1EF3MD4" ignored="0" name="Test" tests="3" failures="0" timestamp="2022-06-13T09:35:00 IST" time="71.152" errors="0">
  <testcase name="login" time="3.654" classname="testpackage.TestActiTimeValidLogin"/>
  <testcase name="logout" time="10.891" classname="testpackage.TestActiTimeLogout"/>
  <testcase name="invalidLogin" time="35.052" classname="testpackage.TestActiTimeInvalidLogin"/>
</testsuite> <!-- Test -->
